Arguments: 
  /Users/viniciuscatafesta/.nvm/versions/node/v8.17.0/bin/node /usr/local/Cellar/yarn/1.21.1/libexec/bin/yarn.js init

PATH: 
  /Users/viniciuscatafesta/.nvm/versions/node/v8.17.0/bin:/usr/local/bin:/usr/bin:/bin:/usr/sbin:/sbin:/Users/viniciuscatafesta/Library/Android/sdk/emulator:/Users/viniciuscatafesta/Library/Android/sdk/tools:/Users/viniciuscatafesta/Library/Android/sdk/tools/bin:/Users/viniciuscatafesta/Library/Android/sdk/platform-tools

Yarn version: 
  1.21.1

Node version: 
  8.17.0

Platform: 
  darwin x64

Trace: 
  Error: canceled
      at Interface.<anonymous> (/usr/local/Cellar/yarn/1.21.1/libexec/lib/cli.js:136925:13)
      at emitNone (events.js:106:13)
      at Interface.emit (events.js:208:7)
      at Interface._ttyWrite (readline.js:774:16)
      at ReadStream.onkeypress (readline.js:158:10)
      at emitTwo (events.js:126:13)
      at ReadStream.emit (events.js:214:7)
      at emitKeys (internal/readline.js:420:14)
      at emitKeys.next (<anonymous>)
      at ReadStream.onData (readline.js:1010:36)

npm manifest: 
  No manifest

yarn manifest: 
  No manifest

Lockfile: 
  No lockfile
